<?xml version="1.0" encoding="UTF-8"?>
<!-- Generated by org.testng.reporters.JUnitReportReporter -->
<testsuite skipped="0" hostname="vivek" name="TestNGExamples.VerifyGmailTitle" tests="1" failures="0" timestamp="30 Jul 2017 07:11:47 GMT" time="21.466" errors="0">
  <testcase name="getTitle" time="21.466" classname="TestNGExamples.VerifyGmailTitle"/>
</testsuite> <!-- TestNGExamples.VerifyGmailTitle -->
