<?xml version="1.0" encoding="UTF-8"?>
<!-- Generated by org.testng.reporters.JUnitReportReporter -->
<testsuite skipped="0" hostname="vivek" name="testngpackage.FirstNgClass" tests="1" failures="0" timestamp="01 Aug 2017 01:52:26 GMT" time="0.049" errors="0">
  <testcase name="firstMethod" time="0.049" classname="testngpackage.FirstNgClass"/>
</testsuite> <!-- testngpackage.FirstNgClass -->
