<?xml version="1.0" encoding="UTF-8"?>
<!-- Generated by org.testng.reporters.JUnitReportReporter -->
<testsuite skipped="1" hostname="vivek" name="TestNGExamples.MultipleTestNgMethods" tests="3" failures="0" timestamp="30 Jul 2017 07:21:50 GMT" time="0.030" errors="0">
  <testcase name="test_C" time="0.028" classname="TestNGExamples.MultipleTestNgMethods"/>
  <testcase name="test_B" time="0.002" classname="TestNGExamples.MultipleTestNgMethods"/>
  <testcase name="test_A" classname="TestNGExamples.MultipleTestNgMethods">
    <skipped/>
  </testcase> <!-- test_A -->
</testsuite> <!-- TestNGExamples.MultipleTestNgMethods -->
