<?xml version="1.0" encoding="UTF-8"?>
<!-- Generated by org.testng.reporters.JUnitReportReporter -->
<testsuite skipped="0" hostname="vivek" name="com.testng.SampleTestng" tests="2" failures="0" timestamp="19 Jul 2017 02:35:22 GMT" time="0.034" errors="0">
  <testcase name="test_001" time="0.032" classname="com.testng.SampleTestng"/>
  <testcase name="test_002" time="0.002" classname="com.testng.SampleTestng"/>
</testsuite> <!-- com.testng.SampleTestng -->
