<?xml version="1.0" encoding="UTF-8"?>
<!-- Generated by org.testng.reporters.JUnitReportReporter -->
<testsuite skipped="0" hostname="vivek" name="TestNGExamples.BeforeClassAfterClassExample" tests="2" failures="0" timestamp="30 Jul 2017 15:57:33 GMT" time="45.419" errors="0">
  <testcase name="verifyGmailTitlePage" time="7.635" classname="TestNGExamples.BeforeClassAfterClassExample"/>
  <testcase name="verifyYahooPageTitle" time="37.784" classname="TestNGExamples.BeforeClassAfterClassExample"/>
</testsuite> <!-- TestNGExamples.BeforeClassAfterClassExample -->
