<?xml version="1.0" encoding="UTF-8"?>
<!-- Generated by org.testng.reporters.JUnitReportReporter -->
<testsuite skipped="0" hostname="vivek" name="testngpackage.MyTestNGClassFile" tests="2" failures="0" timestamp="30 Jul 2017 18:09:38 GMT" time="0.021" errors="0">
  <testcase name="addVendor" time="0.012" classname="testngpackage.MyTestNGClassFile"/>
  <testcase name="addCurrency" time="0.009" classname="testngpackage.MyTestNGClassFile"/>
</testsuite> <!-- testngpackage.MyTestNGClassFile -->
