<?xml version="1.0" encoding="UTF-8"?>
<!-- Generated by org.testng.reporters.JUnitReportReporter -->
<testsuite skipped="0" hostname="vivek" name="testngpackage.ClassFile2" tests="2" failures="0" timestamp="30 Jul 2017 18:09:38 GMT" time="0.006" errors="0">
  <testcase name="deleteVendor" time="0.002" classname="testngpackage.ClassFile2"/>
  <testcase name="deleteProduct" time="0.004" classname="testngpackage.ClassFile2"/>
</testsuite> <!-- testngpackage.ClassFile2 -->
